JvmtiExport can_access_local_variables 0
JvmtiExport can_hotswap_or_post_breakpoint 0
JvmtiExport can_post_on_exceptions 0
# 131 ciObject found
instanceKlass java/lang/invoke/LambdaForm$MH
instanceKlass sun/awt/windows/WToolkit$$Lambda$18
instanceKlass java/lang/invoke/LambdaForm$DMH
instanceKlass java/lang/Throwable$PrintStreamOrWriter
instanceKlass sun/awt/windows/WToolkit$3
instanceKlass sun/misc/InnocuousThread$1
instanceKlass sun/font/T2KFontScaler$2
instanceKlass sun/awt/EventQueueDelegate$Delegate
instanceKlass java/security/DomainCombiner
instanceKlass com/mathworks/hg/peer/FigurePeer$18
instanceKlass com/mathworks/hg/peer/FigureClientProxy$ShowDisabledHandler$4
instanceKlass com/mathworks/hg/peer/FigurePeer$27
instanceKlass com/mathworks/hg/peer/FigureClientProxy$ShowDisabledHandler$5
instanceKlass com/mathworks/hg/peer/MenuPeer$MainMenuActionListener
instanceKlass sun/swing/MenuItemLayoutHelper$RectSize
instanceKlass javax/accessibility/AccessibleSelection
instanceKlass com/mathworks/hg/peer/AbstractToolbuttonPeer$AbstractToolListener
instanceKlass org/apache/batik/transcoder/TranscoderOutput
instanceKlass com/mathworks/util/IconUtils
instanceKlass com/mathworks/hg/peer/FigureComponentProxy$1
instanceKlass com/mathworks/hg/peer/PaintDisabled
instanceKlass java/awt/FontMetrics
instanceKlass javax/swing/SizeRequirements
instanceKlass com/mathworks/hg/util/HGPeerQueue$HGPeerRunnablesRunner
instanceKlass com/mathworks/hg/peer/ToolbarPeer$1
instanceKlass com/mathworks/hg/peer/HGPrintingInterface
instanceKlass sun/font/SunFontManager$11
instanceKlass sun/font/SunFontManager$10
instanceKlass com/mathworks/hg/uij/TextBoundsRequestHandler$TextExtentsRunnable
instanceKlass com/mathworks/hg/uij/TextBoundsRequestHandler
instanceKlass com/mathworks/hg/peer/CommandRunnable
instanceKlass com/mathworks/hg/peer/JOGLInitializer
instanceKlass com/mathworks/hg/peer/JOGLEventListener
instanceKlass com/jogamp/opengl/util/TileRendererBase$TileRendererListener
instanceKlass jogamp/opengl/GLDrawableHelper$1
instanceKlass com/jogamp/opengl/awt/GLJPanel$12
instanceKlass com/jogamp/opengl/awt/GLJPanel$11
instanceKlass com/jogamp/opengl/awt/GLJPanel$10
instanceKlass com/jogamp/opengl/awt/GLJPanel$9
instanceKlass com/jogamp/opengl/awt/GLJPanel$8
instanceKlass com/jogamp/opengl/awt/GLJPanel$6
instanceKlass com/jogamp/opengl/awt/GLJPanel$5
instanceKlass com/jogamp/opengl/awt/GLJPanel$4
instanceKlass com/jogamp/opengl/awt/GLJPanel$2
instanceKlass com/jogamp/nativewindow/awt/AWTWindowClosingProtocol
instanceKlass com/jogamp/opengl/awt/GLJPanel$1
instanceKlass com/mathworks/hg/peer/HGCanvasPeer$Size
instanceKlass com/mathworks/hg/peer/HGCanvasPeer$Scale
instanceKlass com/jogamp/opengl/GLCapabilitiesChooser
instanceKlass com/jogamp/opengl/util/awt/AWTGLPixelBuffer$AWTGLPixelBufferProvider
instanceKlass com/jogamp/opengl/util/GLPixelBuffer$SingletonGLPixelBufferProvider
instanceKlass com/jogamp/opengl/util/GLPixelBuffer$GLPixelBufferProvider
instanceKlass com/jogamp/opengl/awt/GLJPanel$Updater
instanceKlass jogamp/opengl/awt/AWTTilePainter
instanceKlass com/jogamp/opengl/GLAnimatorControl
instanceKlass com/jogamp/opengl/FPSCounter
instanceKlass jogamp/opengl/GLDrawableHelper
instanceKlass com/jogamp/opengl/GLRunnable
instanceKlass com/jogamp/opengl/awt/GLJPanel$Backend
instanceKlass com/jogamp/nativewindow/awt/AWTPrintLifecycle
instanceKlass com/jogamp/nativewindow/WindowClosingProtocol
instanceKlass com/jogamp/opengl/awt/AWTGLAutoDrawable
instanceKlass com/jogamp/opengl/awt/ComponentEvents
instanceKlass com/mathworks/mwswing/binding/KeySequenceDispatcher$IgnoresAncestorKeyBindings
instanceKlass jogamp/opengl/windows/wgl/WindowsWGLDrawableFactory$SharedResource
instanceKlass com/jogamp/nativewindow/ScalableSurface
instanceKlass jogamp/opengl/windows/wgl/WGLExtProcAddressTable$1
instanceKlass com/jogamp/common/nio/AbstractBuffer
instanceKlass com/jogamp/common/nio/NativeBuffer
instanceKlass com/jogamp/opengl/GLUniformData
instanceKlass com/jogamp/opengl/GLArrayData
instanceKlass jogamp/opengl/windows/wgl/WGLExtImpl
instanceKlass jogamp/opengl/gl4/GL4bcProcAddressTable$1
instanceKlass jogamp/opengl/ExtensionAvailabilityCache
instanceKlass jogamp/opengl/gl4/GL4bcImpl$14
instanceKlass jogamp/opengl/gl4/GL4bcImpl$13
instanceKlass jogamp/opengl/gl4/GL4bcImpl$12
instanceKlass jogamp/opengl/gl4/GL4bcImpl$11
instanceKlass jogamp/opengl/gl4/GL4bcImpl$10
instanceKlass jogamp/opengl/gl4/GL4bcImpl$9
instanceKlass jogamp/opengl/gl4/GL4bcImpl$8
instanceKlass jogamp/opengl/gl4/GL4bcImpl$7
instanceKlass jogamp/opengl/gl4/GL4bcImpl$6
instanceKlass jogamp/opengl/gl4/GL4bcImpl$5
instanceKlass jogamp/opengl/gl4/GL4bcImpl$4
instanceKlass jogamp/opengl/gl4/GL4bcImpl$3
instanceKlass jogamp/opengl/gl4/GL4bcImpl$2
instanceKlass jogamp/opengl/gl4/GL4bcImpl$1
instanceKlass jogamp/opengl/GLContextImpl$1
instanceKlass com/jogamp/opengl/GLRendererQuirks
instanceKlass jogamp/opengl/GLContextShareSet
instanceKlass jogamp/opengl/ListenerSyncedImplStub
instanceKlass jogamp/opengl/GLDebugMessageHandler
instanceKlass com/jogamp/common/util/IntObjectHashMap$Entry
instanceKlass com/jogamp/common/util/IntObjectHashMap$EntryCM
instanceKlass com/jogamp/common/util/IntObjectHashMap$1
instanceKlass com/jogamp/common/util/IntObjectHashMap
instanceKlass com/jogamp/opengl/GLBufferStorage
instanceKlass jogamp/opengl/GLBufferObjectTracker
instanceKlass jogamp/opengl/GLBufferStateTracker
instanceKlass jogamp/opengl/GLContextImpl$2
instanceKlass com/jogamp/common/util/IntIntHashMap$Entry
instanceKlass com/jogamp/common/util/IntIntHashMap
instanceKlass jogamp/opengl/GLStateTracker
instanceKlass jogamp/opengl/windows/wgl/WGLExt
instanceKlass com/jogamp/opengl/GLDebugListener
instanceKlass jogamp/nativewindow/windows/PIXELFORMATDESCRIPTOR
instanceKlass jogamp/opengl/windows/wgl/WGLUtil
instanceKlass jogamp/nativewindow/windows/RegisteredClass
instanceKlass jogamp/nativewindow/SurfaceUpdatedHelper
instanceKlass com/jogamp/nativewindow/UpstreamSurfaceHookMutableSize
instanceKlass com/jogamp/nativewindow/UpstreamSurfaceHook$MutableSize
instanceKlass jogamp/nativewindow/ProxySurfaceImpl
instanceKlass com/jogamp/nativewindow/DefaultGraphicsConfiguration
instanceKlass jogamp/opengl/GLGraphicsConfigurationUtil
instanceKlass com/jogamp/nativewindow/DefaultGraphicsScreen
instanceKlass jogamp/opengl/windows/wgl/WindowsWGLDrawableFactory$SharedResourceImplementation
instanceKlass jogamp/opengl/SharedResourceRunner
instanceKlass com/jogamp/nativewindow/VisualIDHolder$VIDComparator
instanceKlass com/jogamp/nativewindow/CapabilitiesChooser
instanceKlass com/jogamp/nativewindow/DefaultGraphicsDevice
instanceKlass com/jogamp/gluegen/runtime/opengl/GLNameResolver
instanceKlass com/jogamp/gluegen/runtime/opengl/GLProcAddressResolver
instanceKlass com/jogamp/gluegen/runtime/ProcAddressTable$1
instanceKlass jogamp/opengl/windows/wgl/WGL
instanceKlass jogamp/common/os/DynamicLinkerImpl$LibRef
instanceKlass com/jogamp/common/util/HashUtil
instanceKlass com/jogamp/common/util/LongObjectHashMap$Entry
instanceKlass com/jogamp/common/util/LongObjectHashMap$EntryCM
instanceKlass com/jogamp/common/util/LongObjectHashMap$1
instanceKlass com/jogamp/common/util/LongObjectHashMap
instanceKlass jogamp/common/os/DynamicLinkerImpl
instanceKlass com/jogamp/common/os/DynamicLibraryBundle$1
instanceKlass com/jogamp/common/util/RunnableExecutor$CurrentThreadExecutor
instanceKlass com/jogamp/common/util/RunnableExecutor
instanceKlass jogamp/opengl/GLDynamicLibraryBundleInfo
instanceKlass com/jogamp/common/os/DynamicLibraryBundleInfo
instanceKlass jogamp/opengl/windows/wgl/WindowsWGLDrawableFactory$1
instanceKlass jogamp/opengl/windows/wgl/WindowsWGLDrawableFactory$NopCPUAffinity
instanceKlass com/jogamp/common/os/DynamicLibraryBundle
instanceKlass com/jogamp/nativewindow/ProxySurface
instanceKlass com/jogamp/nativewindow/MutableSurface
instanceKlass jogamp/opengl/GLDrawableImpl
instanceKlass jogamp/opengl/SharedResourceRunner$Resource
instanceKlass jogamp/opengl/SharedResourceRunner$Implementation
instanceKlass jogamp/opengl/windows/wgl/WindowsWGLDrawableFactory$CPUAffinity
instanceKlass com/jogamp/opengl/GLFBODrawable
instanceKlass com/jogamp/nativewindow/UpstreamSurfaceHook
instanceKlass com/jogamp/opengl/GLOffscreenAutoDrawable
instanceKlass com/jogamp/opengl/GLSharedContextSetter
instanceKlass com/jogamp/opengl/GLDrawableFactory$1
instanceKlass com/jogamp/opengl/GLDrawableFactory
instanceKlass jogamp/opengl/es3/GLES3Impl
instanceKlass com/jogamp/opengl/GLES3
instanceKlass com/jogamp/opengl/GLES2
instanceKlass jogamp/opengl/es1/GLES1Impl
instanceKlass com/jogamp/opengl/GLES1
instanceKlass com/jogamp/gluegen/runtime/ProcAddressTable
instanceKlass jogamp/opengl/GLBufferObjectTracker$MapBufferRangeDispatch
instanceKlass jogamp/opengl/GLBufferObjectTracker$MapBufferAllDispatch
instanceKlass jogamp/opengl/GLBufferObjectTracker$MapBufferDispatch
instanceKlass jogamp/opengl/GLBufferObjectTracker$UnmapBufferDispatch
instanceKlass jogamp/opengl/GLBufferObjectTracker$CreateStorageDispatch
instanceKlass jogamp/opengl/gl4/GL4bcImpl
instanceKlass com/jogamp/opengl/GL4bc
instanceKlass com/jogamp/opengl/GL4
instanceKlass com/jogamp/opengl/GL3bc
instanceKlass com/jogamp/opengl/GL3
instanceKlass com/jogamp/opengl/GL2
instanceKlass com/jogamp/opengl/GL2GL3
instanceKlass com/jogamp/opengl/GL4ES3
instanceKlass com/jogamp/opengl/GL3ES3
instanceKlass com/jogamp/opengl/GL2ES3
instanceKlass com/jogamp/opengl/GL2ES2
instanceKlass com/jogamp/opengl/GL2ES1
instanceKlass com/jogamp/opengl/fixedfunc/GLLightingFunc
instanceKlass com/jogamp/opengl/fixedfunc/GLPointerFunc
instanceKlass com/jogamp/opengl/fixedfunc/GLMatrixFunc
instanceKlass com/jogamp/opengl/GL
instanceKlass com/jogamp/opengl/GLBase
instanceKlass com/jogamp/nativewindow/GraphicsConfigurationFactory$DeviceCapsType
instanceKlass com/jogamp/nativewindow/GraphicsConfigurationFactory
instanceKlass jogamp/nativewindow/NullToolkitLock
instanceKlass jogamp/nativewindow/windows/GDI
instanceKlass jogamp/nativewindow/windows/RegisteredClassFactory
instanceKlass com/mathworks/hg/util/DeferToIdleState
instanceKlass com/mathworks/hg/util/DisplayChangeManager
instanceKlass com/mathworks/hg/util/GraphicsDeviceUtilities
instanceKlass jogamp/nativewindow/NWJNILibLoader$1
instanceKlass com/jogamp/nativewindow/util/Point
instanceKlass jogamp/nativewindow/windows/GDIUtil
instanceKlass jogamp/nativewindow/ToolkitProperties
instanceKlass com/jogamp/nativewindow/NativeWindowFactory$4
instanceKlass com/jogamp/nativewindow/NativeWindowFactory$2$1
instanceKlass jogamp/nativewindow/Debug$1
instanceKlass com/jogamp/nativewindow/NativeWindowFactory$2
instanceKlass com/jogamp/nativewindow/NativeWindow
instanceKlass com/jogamp/nativewindow/NativeSurface
instanceKlass com/jogamp/nativewindow/SurfaceUpdatedListener
instanceKlass com/jogamp/nativewindow/AbstractGraphicsConfiguration
instanceKlass com/jogamp/nativewindow/ToolkitLock
instanceKlass com/jogamp/nativewindow/AbstractGraphicsScreen
instanceKlass com/jogamp/nativewindow/AbstractGraphicsDevice
instanceKlass com/jogamp/nativewindow/util/PointImmutable
instanceKlass com/jogamp/nativewindow/NativeWindowFactory
instanceKlass com/jogamp/opengl/GLProfile$1
instanceKlass com/jogamp/gluegen/runtime/FunctionAddressResolver
instanceKlass com/jogamp/opengl/GLContext
instanceKlass jogamp/common/util/locks/RecursiveLockImpl01Unfairish$Sync
instanceKlass jogamp/common/util/locks/RecursiveLockImpl01Unfairish
instanceKlass com/jogamp/common/util/locks/RecursiveThreadGroupLock
instanceKlass com/jogamp/common/util/locks/RecursiveLock
instanceKlass com/jogamp/common/util/locks/ThreadLock
instanceKlass com/jogamp/common/util/locks/Lock
instanceKlass com/jogamp/common/util/locks/LockFactory
instanceKlass jogamp/opengl/Debug$1
instanceKlass jogamp/common/os/MachineDataInfoRuntime
instanceKlass jogamp/common/jvm/JVMUtil
instanceKlass com/jogamp/common/jvm/JNILibLoaderBase$1
instanceKlass com/jogamp/common/jvm/JNILibLoaderBase$DefaultAction
instanceKlass com/jogamp/common/jvm/JNILibLoaderBase$LoaderAction
instanceKlass com/jogamp/common/jvm/JNILibLoaderBase
instanceKlass com/jogamp/common/net/Uri$Encoded
instanceKlass com/jogamp/common/net/Uri
instanceKlass com/jogamp/common/util/JarUtil
instanceKlass com/jogamp/common/os/Platform$1
instanceKlass jogamp/common/os/PlatformPropsImpl$3
instanceKlass com/jogamp/common/nio/Buffers
instanceKlass com/jogamp/common/nio/StructAccessor
instanceKlass com/jogamp/common/os/MachineDataInfo
instanceKlass jogamp/common/os/elf/IOUtils
instanceKlass jogamp/common/os/elf/Ehdr_p1
instanceKlass jogamp/common/os/elf/ElfHeaderPart1
instanceKlass com/jogamp/common/os/NativeLibrary$2
instanceKlass com/jogamp/common/os/NativeLibrary$1
instanceKlass com/jogamp/common/os/NativeLibrary$4
instanceKlass com/jogamp/common/os/NativeLibrary$3
instanceKlass com/jogamp/common/util/cache/TempJarCache
instanceKlass com/jogamp/common/util/IOUtil
instanceKlass com/jogamp/common/os/NativeLibrary$5
instanceKlass com/jogamp/common/os/DynamicLinker
instanceKlass com/jogamp/common/os/NativeLibrary
instanceKlass com/jogamp/common/os/DynamicLookupHelper
instanceKlass jogamp/common/os/PlatformPropsImpl$1
instanceKlass jogamp/common/os/PlatformPropsImpl$2
instanceKlass com/jogamp/common/util/ReflectionUtil
instanceKlass com/jogamp/common/os/AndroidVersion
instanceKlass com/jogamp/common/util/VersionNumber
instanceKlass com/jogamp/common/util/PropertyAccess$1
instanceKlass com/jogamp/common/util/SecurityUtil
instanceKlass jogamp/common/Debug$1
instanceKlass com/jogamp/common/util/PropertyAccess
instanceKlass jogamp/common/os/PlatformPropsImpl
instanceKlass com/jogamp/opengl/GLProfile
instanceKlass com/jogamp/nativewindow/Capabilities
instanceKlass com/jogamp/opengl/GLAutoDrawable
instanceKlass com/jogamp/opengl/GLDrawable
instanceKlass com/jogamp/nativewindow/NativeSurfaceHolder
instanceKlass com/jogamp/opengl/GLEventListener
instanceKlass com/jogamp/opengl/GLCapabilitiesImmutable
instanceKlass com/jogamp/nativewindow/CapabilitiesImmutable
instanceKlass com/jogamp/common/type/WriteCloneable
instanceKlass com/jogamp/nativewindow/VisualIDHolder
instanceKlass com/mathworks/hg/peer/OpenGLWrapper$OpenGLEventListener
instanceKlass com/mathworks/hg/peer/GLCanvasPeerFactory
instanceKlass com/mathworks/hg/peer/GraphicsPeersUtilities$PairOfPeers
instanceKlass com/mathworks/hg/peer/GraphicsPeer$1
instanceKlass com/mathworks/hg/peer/CanvasPeerMouseListener
instanceKlass com/mathworks/hg/GraphicsOpenGL
instanceKlass com/mathworks/hg/peer/HGCanvasComponentPeer
instanceKlass com/mathworks/hg/peer/HGCanvasPeer
instanceKlass com/mathworks/hg/print/Exportable
instanceKlass com/mathworks/hg/peer/GraphicsPeer
instanceKlass com/mathworks/hg/peer/SceneServerInterface
instanceKlass com/mathworks/hg/peer/CommandTarget
instanceKlass com/mathworks/hg/peer/GraphicsEventHandler
instanceKlass com/mathworks/hg/peer/GraphicsPeersUtilities
instanceKlass java/awt/Cursor$1
instanceKlass sun/awt/AWTAccessor$CursorAccessor
instanceKlass com/mathworks/hg/peer/PositionData
instanceKlass com/mathworks/hg/peer/WindowRectHandlerImpl$MarginHelper
instanceKlass java/awt/Frame$1
instanceKlass sun/awt/AWTAccessor$FrameAccessor
instanceKlass java/awt/Window$1
instanceKlass sun/awt/AWTAccessor$WindowAccessor
instanceKlass com/mathworks/hg/peer/FigureInsetsUtilities
instanceKlass com/mathworks/jmi/bean/CallbackInfo
instanceKlass com/mathworks/jmi/bean/CallbackData
instanceKlass com/mathworks/jmi/bean/EventQueue
instanceKlass com/mathworks/jmi/bean/MatlabCallbackInterface
instanceKlass com/mathworks/jmi/bean/EventCallback
instanceKlass com/mathworks/jmi/bean/BeanFinalizeNotifier
instanceKlass com/mathworks/jmi/bean/BeanWrapper
instanceKlass com/mathworks/jmi/bean/MethodInfo
instanceKlass com/mathworks/jmi/bean/EventInfo
instanceKlass com/mathworks/jmi/bean/NoAWTRectanglePlaceHolder
instanceKlass com/mathworks/jmi/bean/NoAWTPointPlaceHolder
instanceKlass com/mathworks/jmi/bean/NoAWTColorPlaceHolder
instanceKlass com/mathworks/jmi/bean/ClassWrapper
instanceKlass com/mathworks/jmi/bean/ClassInfoServer
instanceKlass com/mathworks/jmi/bean/PropInfo
instanceKlass com/mathworks/beans/ExtraPropertyAttributes
instanceKlass com/mathworks/util/MutableInt
instanceKlass com/mathworks/jmi/bean/EventServer
instanceKlass com/mathworks/jmi/bean/BeanUDDListenerAdapter
instanceKlass com/mathworks/jmi/bean/generic_info
instanceKlass com/mathworks/jmi/bean/attribute_info
instanceKlass com/mathworks/jmi/bean/cp_info
instanceKlass com/mathworks/jmi/bean/class_file
instanceKlass com/mathworks/jmi/bean/ClassFileEditor
instanceKlass com/mathworks/jmi/bean/ListenerClassServer
instanceKlass com/mathworks/jmi/bean/BeanFileData
instanceKlass com/mathworks/jmi/bean/BeanManager
instanceKlass com/mathworks/jmi/Support
instanceKlass com/mathworks/jmi/bean/MatlabBeanInterface
instanceKlass javax/swing/OverlayLayout
instanceKlass com/mathworks/hg/peer/HeavyweightLightweightContainerFactory$UIComponentHost
instanceKlass com/mathworks/hg/peer/HeavyweightLightweightContainerFactory$UIPanelHost
instanceKlass com/mathworks/hg/peer/FigureComponentContainerProxy$ComponentContainerPropertyChangeListener
instanceKlass com/mathworks/hg/peer/FigureComponentProxy$FigureKeyEventDispatcher
instanceKlass com/mathworks/hg/peer/FigureFocusTraversalPolicyFactory
instanceKlass com/mathworks/hg/util/FocusTraversalUtilities
instanceKlass com/mathworks/hg/peer/HeavyweightLightweightContainerFactory
instanceKlass com/mathworks/hg/peer/HeavyweightLightweightContainerFactory$PrintableContainerUtility
instanceKlass com/sun/awt/AWTUtilities
instanceKlass com/mathworks/hg/peer/TransparentPanelUtilities
instanceKlass com/mathworks/hg/print/HGOutputFlags
instanceKlass sun/awt/NullComponentPeer
instanceKlass java/awt/peer/PanelPeer
instanceKlass java/awt/peer/ContainerPeer
instanceKlass java/awt/peer/CanvasPeer
instanceKlass java/awt/peer/LightweightPeer
instanceKlass com/mathworks/hg/peer/OffscreenWindowProvider
instanceKlass com/mathworks/hg/peer/FigureClientProxy$ShowDisabledHandler$6
instanceKlass com/mathworks/hg/peer/FigureClientProxy$ShowDisabledHandler$3
instanceKlass com/mathworks/widgets/desk/Desktop$ClientListenerData
instanceKlass com/mathworks/hg/peer/FigureClientProxy$ShowDisabledHandler
instanceKlass com/mathworks/hg/peer/FigureClientProxy$FigureDTClientBase$1
instanceKlass com/mathworks/widgets/desk/DTTitleChangeHandler
instanceKlass com/mathworks/widgets/desk/DTToolBarInfo
instanceKlass com/mathworks/mwswing/StringTrimmer
instanceKlass com/mathworks/hg/peer/NoBlockOnResizeAndWindowStyleChangeState
instanceKlass com/mathworks/hg/peer/PositionHandler
instanceKlass com/mathworks/hg/peer/FigurePositionableProxy
instanceKlass com/mathworks/hg/peer/UIComponentManager
instanceKlass com/mathworks/hg/peer/FigureKeyListener
instanceKlass com/mathworks/hg/peer/HeavyweightLightweightContainerFactory$FigurePrintable
instanceKlass com/mathworks/hg/peer/FigurePanelContainer
instanceKlass com/mathworks/hg/peer/FigureComponent
instanceKlass com/mathworks/hg/peer/ComponentContainer
instanceKlass com/mathworks/hg/peer/FigureFrameProxy$FigureFrameFullScreenListener
instanceKlass com/mathworks/mwswing/MJFrame$FullScreenListener
instanceKlass com/mathworks/mwswing/ControlKeyInterceptor
instanceKlass com/mathworks/hg/peer/FigureFrameProxy
instanceKlass com/mathworks/hg/peer/FigureClientProxy$ShowEnabledHandler$1
instanceKlass com/mathworks/hg/peer/FigureClientProxy$ShowEnabledHandler
instanceKlass com/mathworks/hg/peer/PaintDisabled$PaintDisabledHandler
instanceKlass com/mathworks/hg/peer/PaintDisabled$PaintDisabledTargetHandler
instanceKlass com/mathworks/hg/peer/FigureClientProxy$ShowHandler
instanceKlass com/mathworks/hg/peer/IPositionable
instanceKlass com/mathworks/hg/peer/AbstractFigurePanelProxy
instanceKlass com/mathworks/hg/peer/ObservableFigurePanel
instanceKlass com/mathworks/hg/peer/FigureClientProxy
instanceKlass com/mathworks/hg/peer/PositionableFigureClientProxy
instanceKlass com/mathworks/hg/peer/AbstractFigureFrameProxy
instanceKlass com/mathworks/hg/peer/FigurePeer$2
instanceKlass com/mathworks/hg/peer/WindowRectHandlerImpl$LocationSizeSetHandler
instanceKlass com/mathworks/hg/peer/FigureFrameProxyBaseAdapter
instanceKlass com/mathworks/hg/peer/WindowRectHandlerImpl$FigureAttributesChanging
instanceKlass com/mathworks/hg/peer/WindowRectHandlerImpl
instanceKlass com/mathworks/hg/peer/FigureJavaComponentListener
instanceKlass com/mathworks/hg/peer/FigureNotificationHa